===============RESET===============
{"game_state":3}
play 
{"deck":[{"cost":1,"def":0,"dmg":6,"effects":[]},{"cost":1,"def":0,"dmg":6,"effects":[]},{"cost":1,"def":0,"dmg":6,"effects":[]},{"cost":1,"def":0,"dmg":6,"effects":[]},{"cost":1,"def":0,"dmg":6,"effects":[]},{"cost":1,"def":5,"dmg":0,"effects":[]},{"cost":1,"def":5,"dmg":0,"effects":[]},{"cost":1,"def":5,"dmg":0,"effects":[]},{"cost":1,"def":5,"dmg":0,"effects":[]},{"cost":2,"def":0,"dmg":8,"effects":[[0,2]]}],"energy":3,"game_state":0,"hand":[6,5,8,4,2],"max_energy":3,"mobs":[{"effects":[0,0,0],"hp":42,"max_hp":42,"move":0,"type":0}],"offpool":[],"player":{"def":0,"hp":80,"max_hp":80},"pool":[7,3,1,9,0]}
play 0 
{"deck":[{"cost":1,"def":0,"dmg":6,"effects":[]},{"cost":1,"def":0,"dmg":6,"effects":[]},{"cost":1,"def":0,"dmg":6,"effects":[]},{"cost":1,"def":0,"dmg":6,"effects":[]},{"cost":1,"def":0,"dmg":6,"effects":[]},{"cost":1,"def":5,"dmg":0,"effects":[]},{"cost":1,"def":5,"dmg":0,"effects":[]},{"cost":1,"def":5,"dmg":0,"effects":[]},{"cost":1,"def":5,"dmg":0,"effects":[]},{"cost":2,"def":0,"dmg":8,"effects":[[0,2]]}],"energy":2,"game_state":0,"hand":[5,8,4,2],"max_energy":3,"mobs":[{"effects":[0,0,0],"hp":42,"max_hp":42,"move":0,"type":0}],"offpool":[6],"player":{"def":5,"hp":80,"max_hp":80},"pool":[7,3,1,9,0]}
play 0 
{"deck":[{"cost":1,"def":0,"dmg":6,"effects":[]},{"cost":1,"def":0,"dmg":6,"effects":[]},{"cost":1,"def":0,"dmg":6,"effects":[]},{"cost":1,"def":0,"dmg":6,"effects":[]},{"cost":1,"def":0,"dmg":6,"effects":[]},{"cost":1,"def":5,"dmg":0,"effects":[]},{"cost":1,"def":5,"dmg":0,"effects":[]},{"cost":1,"def":5,"dmg":0,"effects":[]},{"cost":1,"def":5,"dmg":0,"effects":[]},{"cost":2,"def":0,"dmg":8,"effects":[[0,2]]}],"energy":1,"game_state":0,"hand":[8,4,2],"max_energy":3,"mobs":[{"effects":[0,0,0],"hp":42,"max_hp":42,"move":0,"type":0}],"offpool":[6,5],"player":{"def":10,"hp":80,"max_hp":80},"pool":[7,3,1,9,0]}
end 
{"deck":[{"cost":1,"def":0,"dmg":6,"effects":[]},{"cost":1,"def":0,"dmg":6,"effects":[]},{"cost":1,"def":0,"dmg":6,"effects":[]},{"cost":1,"def":0,"dmg":6,"effects":[]},{"cost":1,"def":0,"dmg":6,"effects":[]},{"cost":1,"def":5,"dmg":0,"effects":[]},{"cost":1,"def":5,"dmg":0,"effects":[]},{"cost":1,"def":5,"dmg":0,"effects":[]},{"cost":1,"def":5,"dmg":0,"effects":[]},{"cost":2,"def":0,"dmg":8,"effects":[[0,2]]}],"energy":3,"game_state":0,"hand":[0,9,1,3,7],"max_energy":3,"mobs":[{"effects":[0,0,0],"hp":42,"max_hp":42,"move":0,"type":0}],"offpool":[6,5,2,4,8],"player":{"def":0,"hp":79,"max_hp":80},"pool":[]}
play 0 0 
{"deck":[{"cost":1,"def":0,"dmg":6,"effects":[]},{"cost":1,"def":0,"dmg":6,"effects":[]},{"cost":1,"def":0,"dmg":6,"effects":[]},{"cost":1,"def":0,"dmg":6,"effects":[]},{"cost":1,"def":0,"dmg":6,"effects":[]},{"cost":1,"def":5,"dmg":0,"effects":[]},{"cost":1,"def":5,"dmg":0,"effects":[]},{"cost":1,"def":5,"dmg":0,"effects":[]},{"cost":1,"def":5,"dmg":0,"effects":[]},{"cost":2,"def":0,"dmg":8,"effects":[[0,2]]}],"energy":2,"game_state":0,"hand":[9,1,3,7],"max_energy":3,"mobs":[{"effects":[0,0,0],"hp":36,"max_hp":42,"move":0,"type":0}],"offpool":[6,5,2,4,8,0],"player":{"def":0,"hp":79,"max_hp":80},"pool":[]}
play 2 0 
{"deck":[{"cost":1,"def":0,"dmg":6,"effects":[]},{"cost":1,"def":0,"dmg":6,"effects":[]},{"cost":1,"def":0,"dmg":6,"effects":[]},{"cost":1,"def":0,"dmg":6,"effects":[]},{"cost":1,"def":0,"dmg":6,"effects":[]},{"cost":1,"def":5,"dmg":0,"effects":[]},{"cost":1,"def":5,"dmg":0,"effects":[]},{"cost":1,"def":5,"dmg":0,"effects":[]},{"cost":1,"def":5,"dmg":0,"effects":[]},{"cost":2,"def":0,"dmg":8,"effects":[[0,2]]}],"energy":1,"game_state":0,"hand":[9,1,7],"max_energy":3,"mobs":[{"effects":[0,0,0],"hp":30,"max_hp":42,"move":0,"type":0}],"offpool":[6,5,2,4,8,0,3],"player":{"def":0,"hp":79,"max_hp":80},"pool":[]}
play 1 0 
{"deck":[{"cost":1,"def":0,"dmg":6,"effects":[]},{"cost":1,"def":0,"dmg":6,"effects":[]},{"cost":1,"def":0,"dmg":6,"effects":[]},{"cost":1,"def":0,"dmg":6,"effects":[]},{"cost":1,"def":0,"dmg":6,"effects":[]},{"cost":1,"def":5,"dmg":0,"effects":[]},{"cost":1,"def":5,"dmg":0,"effects":[]},{"cost":1,"def":5,"dmg":0,"effects":[]},{"cost":1,"def":5,"dmg":0,"effects":[]},{"cost":2,"def":0,"dmg":8,"effects":[[0,2]]}],"energy":0,"game_state":0,"hand":[9,7],"max_energy":3,"mobs":[{"effects":[0,0,0],"hp":24,"max_hp":42,"move":0,"type":0}],"offpool":[6,5,2,4,8,0,3,1],"player":{"def":0,"hp":79,"max_hp":80},"pool":[]}
end 
{"deck":[{"cost":1,"def":0,"dmg":6,"effects":[]},{"cost":1,"def":0,"dmg":6,"effects":[]},{"cost":1,"def":0,"dmg":6,"effects":[]},{"cost":1,"def":0,"dmg":6,"effects":[]},{"cost":1,"def":0,"dmg":6,"effects":[]},{"cost":1,"def":5,"dmg":0,"effects":[]},{"cost":1,"def":5,"dmg":0,"effects":[]},{"cost":1,"def":5,"dmg":0,"effects":[]},{"cost":1,"def":5,"dmg":0,"effects":[]},{"cost":2,"def":0,"dmg":8,"effects":[[0,2]]}],"energy":3,"game_state":0,"hand":[7,1,4,9,3],"max_energy":3,"mobs":[{"effects":[0,0,0],"hp":24,"max_hp":42,"move":0,"type":0}],"offpool":[],"player":{"def":0,"hp":68,"max_hp":80},"pool":[2,5,0,8,6]}
play 4 0 
{"deck":[{"cost":1,"def":0,"dmg":6,"effects":[]},{"cost":1,"def":0,"dmg":6,"effects":[]},{"cost":1,"def":0,"dmg":6,"effects":[]},{"cost":1,"def":0,"dmg":6,"effects":[]},{"cost":1,"def":0,"dmg":6,"effects":[]},{"cost":1,"def":5,"dmg":0,"effects":[]},{"cost":1,"def":5,"dmg":0,"effects":[]},{"cost":1,"def":5,"dmg":0,"effects":[]},{"cost":1,"def":5,"dmg":0,"effects":[]},{"cost":2,"def":0,"dmg":8,"effects":[[0,2]]}],"energy":2,"game_state":0,"hand":[7,1,4,9],"max_energy":3,"mobs":[{"effects":[0,0,0],"hp":18,"max_hp":42,"move":0,"type":0}],"offpool":[3],"player":{"def":0,"hp":68,"max_hp":80},"pool":[2,5,0,8,6]}
end 
{"deck":[{"cost":1,"def":0,"dmg":6,"effects":[]},{"cost":1,"def":0,"dmg":6,"effects":[]},{"cost":1,"def":0,"dmg":6,"effects":[]},{"cost":1,"def":0,"dmg":6,"effects":[]},{"cost":1,"def":0,"dmg":6,"effects":[]},{"cost":1,"def":5,"dmg":0,"effects":[]},{"cost":1,"def":5,"dmg":0,"effects":[]},{"cost":1,"def":5,"dmg":0,"effects":[]},{"cost":1,"def":5,"dmg":0,"effects":[]},{"cost":2,"def":0,"dmg":8,"effects":[[0,2]]}],"energy":3,"game_state":0,"hand":[6,8,0,5,2],"max_energy":3,"mobs":[{"effects":[0,0,0],"hp":18,"max_hp":42,"move":0,"type":0}],"offpool":[3,9,4,1,7],"player":{"def":0,"hp":57,"max_hp":80},"pool":[]}
play 1 
{"deck":[{"cost":1,"def":0,"dmg":6,"effects":[]},{"cost":1,"def":0,"dmg":6,"effects":[]},{"cost":1,"def":0,"dmg":6,"effects":[]},{"cost":1,"def":0,"dmg":6,"effects":[]},{"cost":1,"def":0,"dmg":6,"effects":[]},{"cost":1,"def":5,"dmg":0,"effects":[]},{"cost":1,"def":5,"dmg":0,"effects":[]},{"cost":1,"def":5,"dmg":0,"effects":[]},{"cost":1,"def":5,"dmg":0,"effects":[]},{"cost":2,"def":0,"dmg":8,"effects":[[0,2]]}],"energy":2,"game_state":0,"hand":[6,0,5,2],"max_energy":3,"mobs":[{"effects":[0,0,0],"hp":18,"max_hp":42,"move":0,"type":0}],"offpool":[3,9,4,1,7,8],"player":{"def":5,"hp":57,"max_hp":80},"pool":[]}
play 2 
{"deck":[{"cost":1,"def":0,"dmg":6,"effects":[]},{"cost":1,"def":0,"dmg":6,"effects":[]},{"cost":1,"def":0,"dmg":6,"effects":[]},{"cost":1,"def":0,"dmg":6,"effects":[]},{"cost":1,"def":0,"dmg":6,"effects":[]},{"cost":1,"def":5,"dmg":0,"effects":[]},{"cost":1,"def":5,"dmg":0,"effects":[]},{"cost":1,"def":5,"dmg":0,"effects":[]},{"cost":1,"def":5,"dmg":0,"effects":[]},{"cost":2,"def":0,"dmg":8,"effects":[[0,2]]}],"energy":1,"game_state":0,"hand":[6,0,2],"max_energy":3,"mobs":[{"effects":[0,0,0],"hp":18,"max_hp":42,"move":0,"type":0}],"offpool":[3,9,4,1,7,8,5],"player":{"def":10,"hp":57,"max_hp":80},"pool":[]}
play 0 
{"deck":[{"cost":1,"def":0,"dmg":6,"effects":[]},{"cost":1,"def":0,"dmg":6,"effects":[]},{"cost":1,"def":0,"dmg":6,"effects":[]},{"cost":1,"def":0,"dmg":6,"effects":[]},{"cost":1,"def":0,"dmg":6,"effects":[]},{"cost":1,"def":5,"dmg":0,"effects":[]},{"cost":1,"def":5,"dmg":0,"effects":[]},{"cost":1,"def":5,"dmg":0,"effects":[]},{"cost":1,"def":5,"dmg":0,"effects":[]},{"cost":2,"def":0,"dmg":8,"effects":[[0,2]]}],"energy":0,"game_state":0,"hand":[0,2],"max_energy":3,"mobs":[{"effects":[0,0,0],"hp":18,"max_hp":42,"move":0,"type":0}],"offpool":[3,9,4,1,7,8,5,6],"player":{"def":15,"hp":57,"max_hp":80},"pool":[]}
end 
{"deck":[{"cost":1,"def":0,"dmg":6,"effects":[]},{"cost":1,"def":0,"dmg":6,"effects":[]},{"cost":1,"def":0,"dmg":6,"effects":[]},{"cost":1,"def":0,"dmg":6,"effects":[]},{"cost":1,"def":0,"dmg":6,"effects":[]},{"cost":1,"def":5,"dmg":0,"effects":[]},{"cost":1,"def":5,"dmg":0,"effects":[]},{"cost":1,"def":5,"dmg":0,"effects":[]},{"cost":1,"def":5,"dmg":0,"effects":[]},{"cost":2,"def":0,"dmg":8,"effects":[[0,2]]}],"energy":3,"game_state":0,"hand":[9,2,7,0,3],"max_energy":3,"mobs":[{"effects":[0,0,0],"hp":18,"max_hp":42,"move":0,"type":0}],"offpool":[],"player":{"def":0,"hp":57,"max_hp":80},"pool":[6,5,8,4,1]}
end 
{"deck":[{"cost":1,"def":0,"dmg":6,"effects":[]},{"cost":1,"def":0,"dmg":6,"effects":[]},{"cost":1,"def":0,"dmg":6,"effects":[]},{"cost":1,"def":0,"dmg":6,"effects":[]},{"cost":1,"def":0,"dmg":6,"effects":[]},{"cost":1,"def":5,"dmg":0,"effects":[]},{"cost":1,"def":5,"dmg":0,"effects":[]},{"cost":1,"def":5,"dmg":0,"effects":[]},{"cost":1,"def":5,"dmg":0,"effects":[]},{"cost":2,"def":0,"dmg":8,"effects":[[0,2]]}],"energy":3,"game_state":0,"hand":[1,4,8,5,6],"max_energy":3,"mobs":[{"effects":[0,0,0],"hp":18,"max_hp":42,"move":0,"type":0}],"offpool":[3,0,7,2,9],"player":{"def":0,"hp":46,"max_hp":80},"pool":[]}
end 
{"deck":[{"cost":1,"def":0,"dmg":6,"effects":[]},{"cost":1,"def":0,"dmg":6,"effects":[]},{"cost":1,"def":0,"dmg":6,"effects":[]},{"cost":1,"def":0,"dmg":6,"effects":[]},{"cost":1,"def":0,"dmg":6,"effects":[]},{"cost":1,"def":5,"dmg":0,"effects":[]},{"cost":1,"def":5,"dmg":0,"effects":[]},{"cost":1,"def":5,"dmg":0,"effects":[]},{"cost":1,"def":5,"dmg":0,"effects":[]},{"cost":2,"def":0,"dmg":8,"effects":[[0,2]]}],"energy":3,"game_state":0,"hand":[8,2,7,6,4],"max_energy":3,"mobs":[{"effects":[0,0,0],"hp":18,"max_hp":42,"move":0,"type":0}],"offpool":[],"player":{"def":0,"hp":35,"max_hp":80},"pool":[0,3,5,1,9]}
play 1 0 
{"deck":[{"cost":1,"def":0,"dmg":6,"effects":[]},{"cost":1,"def":0,"dmg":6,"effects":[]},{"cost":1,"def":0,"dmg":6,"effects":[]},{"cost":1,"def":0,"dmg":6,"effects":[]},{"cost":1,"def":0,"dmg":6,"effects":[]},{"cost":1,"def":5,"dmg":0,"effects":[]},{"cost":1,"def":5,"dmg":0,"effects":[]},{"cost":1,"def":5,"dmg":0,"effects":[]},{"cost":1,"def":5,"dmg":0,"effects":[]},{"cost":2,"def":0,"dmg":8,"effects":[[0,2]]}],"energy":2,"game_state":0,"hand":[8,7,6,4],"max_energy":3,"mobs":[{"effects":[0,0,0],"hp":12,"max_hp":42,"move":0,"type":0}],"offpool":[2],"player":{"def":0,"hp":35,"max_hp":80},"pool":[0,3,5,1,9]}
play 2 
{"deck":[{"cost":1,"def":0,"dmg":6,"effects":[]},{"cost":1,"def":0,"dmg":6,"effects":[]},{"cost":1,"def":0,"dmg":6,"effects":[]},{"cost":1,"def":0,"dmg":6,"effects":[]},{"cost":1,"def":0,"dmg":6,"effects":[]},{"cost":1,"def":5,"dmg":0,"effects":[]},{"cost":1,"def":5,"dmg":0,"effects":[]},{"cost":1,"def":5,"dmg":0,"effects":[]},{"cost":1,"def":5,"dmg":0,"effects":[]},{"cost":2,"def":0,"dmg":8,"effects":[[0,2]]}],"energy":1,"game_state":0,"hand":[8,7,4],"max_energy":3,"mobs":[{"effects":[0,0,0],"hp":12,"max_hp":42,"move":0,"type":0}],"offpool":[2,6],"player":{"def":5,"hp":35,"max_hp":80},"pool":[0,3,5,1,9]}
play 2 0 
{"deck":[{"cost":1,"def":0,"dmg":6,"effects":[]},{"cost":1,"def":0,"dmg":6,"effects":[]},{"cost":1,"def":0,"dmg":6,"effects":[]},{"cost":1,"def":0,"dmg":6,"effects":[]},{"cost":1,"def":0,"dmg":6,"effects":[]},{"cost":1,"def":5,"dmg":0,"effects":[]},{"cost":1,"def":5,"dmg":0,"effects":[]},{"cost":1,"def":5,"dmg":0,"effects":[]},{"cost":1,"def":5,"dmg":0,"effects":[]},{"cost":2,"def":0,"dmg":8,"effects":[[0,2]]}],"energy":0,"game_state":0,"hand":[8,7],"max_energy":3,"mobs":[{"effects":[0,0,0],"hp":6,"max_hp":42,"move":0,"type":0}],"offpool":[2,6,4],"player":{"def":5,"hp":35,"max_hp":80},"pool":[0,3,5,1,9]}
end 
{"deck":[{"cost":1,"def":0,"dmg":6,"effects":[]},{"cost":1,"def":0,"dmg":6,"effects":[]},{"cost":1,"def":0,"dmg":6,"effects":[]},{"cost":1,"def":0,"dmg":6,"effects":[]},{"cost":1,"def":0,"dmg":6,"effects":[]},{"cost":1,"def":5,"dmg":0,"effects":[]},{"cost":1,"def":5,"dmg":0,"effects":[]},{"cost":1,"def":5,"dmg":0,"effects":[]},{"cost":1,"def":5,"dmg":0,"effects":[]},{"cost":2,"def":0,"dmg":8,"effects":[[0,2]]}],"energy":3,"game_state":0,"hand":[9,1,5,3,0],"max_energy":3,"mobs":[{"effects":[0,0,0],"hp":6,"max_hp":42,"move":0,"type":0}],"offpool":[2,6,4,7,8],"player":{"def":0,"hp":29,"max_hp":80},"pool":[]}
play 4 0 
{"deck":[{"cost":1,"def":0,"dmg":6,"effects":[]},{"cost":1,"def":0,"dmg":6,"effects":[]},{"cost":1,"def":0,"dmg":6,"effects":[]},{"cost":1,"def":0,"dmg":6,"effects":[]},{"cost":1,"def":0,"dmg":6,"effects":[]},{"cost":1,"def":5,"dmg":0,"effects":[]},{"cost":1,"def":5,"dmg":0,"effects":[]},{"cost":1,"def":5,"dmg":0,"effects":[]},{"cost":1,"def":5,"dmg":0,"effects":[]},{"cost":2,"def":0,"dmg":8,"effects":[[0,2]]}],"game_state":2,"max_energy":3,"player":{"def":0,"hp":29,"max_hp":80}}
