-26.0
-43.4
-40.6
-36.4
-36.2
-47.4
-42.6
-33.733333333333334
-38.2
-37.6
-33.96666666666667
-35.6
-43.4
-25.7
-42.2
-23.766666666666666
-34.9
-24.233333333333334
-46.3
-45.833333333333336
-45.4
-26.733333333333334
-43.3
-38.6
-37.6
-37.2
-23.766666666666666
-37.6
-19.566666666666666
-35.3
-33.9
-34.9
-38.1
-39.13333333333333
-32.7
-32.53333333333333
-28.9
-44.0
-28.7
-28.4
-38.3
-39.1
-37.266666666666666
-28.9
-32.93333333333333
-32.4
-37.7
-35.4
-32.666666666666664
-22.5
-24.266666666666666
-28.1
-41.5
-22.566666666666666
-19.633333333333333
-25.8
-26.7
-27.7
-19.033333333333335
-26.2
-23.6
-24.966666666666665
-29.966666666666665
-25.8
-18.066666666666666
-27.4
-18.333333333333332
-17.133333333333333
-26.8
-20.466666666666665
-14.033333333333333
-11.933333333333334
-23.1
-25.733333333333334
-40.36666666666667
-20.566666666666666
-18.533333333333335
-13.966666666666667
-20.7
-8.0
-27.3
-21.733333333333334
-22.3
-21.166666666666668
-21.733333333333334
-25.866666666666667
-17.633333333333333
-6.133333333333334
-11.6
-26.266666666666666
-17.933333333333334
-20.266666666666666
-37.8
-26.8
-10.766666666666667
-23.933333333333334
-20.5
-8.666666666666666
-15.866666666666667
-25.033333333333335
-17.833333333333332
-10.9
-17.266666666666666
-17.333333333333332
-14.133333333333333
-14.433333333333334
-19.266666666666666
-20.1
-5.5
-5.833333333333333
-13.7
-5.966666666666667
-16.666666666666668
-27.8
-18.733333333333334
-23.3
-11.4
-19.366666666666667
-6.833333333333333
-4.2
-11.1
-7.9
-13.333333333333334
-13.033333333333333
-7.966666666666667
-7.066666666666666
-7.6
-10.366666666666667
-19.566666666666666
0.3333333333333333
-18.1
-17.966666666666665
-17.1
-5.433333333333334
-4.966666666666667
-20.0
-17.733333333333334
-4.333333333333333
-8.1
-13.0
-11.633333333333333
-9.8
-6.333333333333333
-20.133333333333333
-21.866666666666667
-5.066666666666666
-6.566666666666666
0.2
-1.5666666666666667
-7.3
-3.7
3.5
-4.033333333333333
-2.8333333333333335
-2.8333333333333335
-15.866666666666667
-14.066666666666666
-5.133333333333334
-8.666666666666666
-22.733333333333334
1.4
4.533333333333333
-5.866666666666666
-19.133333333333333
-6.9
-10.433333333333334
-3.7
-10.633333333333333
-11.833333333333334
-5.133333333333334
3.5
-0.4
-1.7333333333333334
4.1
-19.3
3.066666666666667
10.433333333333334
-16.333333333333332
-1.4333333333333333
6.666666666666667
-2.7
-6.133333333333334
3.0
-1.1666666666666667
-17.3
3.6
-4.166666666666667
8.633333333333333
-7.6
0.43333333333333335
-8.3
-9.466666666666667
-5.6
2.4
-5.366666666666666
-2.7333333333333334
1.4333333333333333
8.266666666666667
-3.5
-3.466666666666667
-1.1666666666666667
5.666666666666667
6.333333333333333
-6.933333333333334
1.5
3.3
-0.4666666666666667
-9.233333333333333
6.166666666666667
8.8
6.0
9.066666666666666
-0.1
4.166666666666667
-3.1666666666666665
13.266666666666667
1.3
10.066666666666666
-6.333333333333333
21.566666666666666
3.3333333333333335
5.633333333333334
11.133333333333333
5.366666666666666
0.43333333333333335
-6.6
14.7
0.3333333333333333
16.666666666666668
-1.1666666666666667
7.333333333333333
-8.266666666666667
5.566666666666666
-1.3333333333333333
7.333333333333333
8.866666666666667
9.433333333333334
4.5
-4.233333333333333
-4.9
3.2666666666666666
1.0333333333333334
4.9
5.366666666666666
4.7
15.933333333333334
-11.1
5.033333333333333
8.566666666666666
17.2
4.733333333333333
-0.9666666666666667
22.866666666666667
11.766666666666667
13.833333333333334
12.366666666666667
8.2
12.366666666666667
9.733333333333333
15.166666666666666
9.933333333333334
9.633333333333333
-0.1
-1.5333333333333334
21.033333333333335
0.3
14.066666666666666
18.866666666666667
17.133333333333333
17.166666666666668
8.3
4.566666666666666
9.766666666666667
8.7
-6.266666666666667
14.1
11.933333333333334
18.266666666666666
11.6
11.0
1.6
8.0
10.166666666666666
11.533333333333333
14.833333333333334
29.133333333333333
2.7666666666666666
18.433333333333334
-0.13333333333333333
19.866666666666667
8.366666666666667
5.566666666666666
20.766666666666666
20.733333333333334
3.033333333333333
9.066666666666666
7.5
23.033333333333335
12.0
13.533333333333333
6.333333333333333
17.766666666666666
5.9
9.3
11.1
19.1
5.766666666666667
16.333333333333332
9.7
3.5
11.766666666666667
12.5
21.0
7.2
5.1
23.533333333333335
10.866666666666667
14.233333333333333
11.3
8.233333333333333
8.4
15.566666666666666
31.0
26.533333333333335
11.066666666666666
19.333333333333332
7.733333333333333
19.066666666666666
-1.5
11.1
5.0
17.333333333333332
14.5
27.533333333333335
8.7
16.7
10.133333333333333
13.1
16.133333333333333
8.233333333333333
-5.233333333333333
18.966666666666665
5.7
16.4
26.866666666666667
23.033333333333335
8.733333333333333
27.3
17.1
17.666666666666668
15.0
23.066666666666666
15.7
15.533333333333333
15.5
12.033333333333333
17.366666666666667
21.233333333333334
15.666666666666666
7.0
17.433333333333334
26.133333333333333
27.366666666666667
4.433333333333334
11.533333333333333
28.3
-2.8666666666666667
26.1
25.833333333333332
15.033333333333333
32.766666666666666
31.333333333333332
20.0
17.633333333333333
7.066666666666666
26.366666666666667
12.033333333333333
22.233333333333334
14.933333333333334
24.566666666666666
0.3
26.133333333333333
14.7
15.4
17.466666666666665
26.6
17.366666666666667
17.633333333333333
16.666666666666668
21.933333333333334
6.633333333333334
24.866666666666667
20.666666666666668
34.86666666666667
15.533333333333333
15.4
6.8
6.9
21.533333333333335
14.233333333333333
20.733333333333334
14.966666666666667
16.166666666666668
20.866666666666667
25.266666666666666
13.433333333333334
25.266666666666666
13.6
24.666666666666668
12.433333333333334
10.666666666666666
15.3
21.0
19.166666666666668
9.833333333333334
20.3
17.033333333333335
17.7
9.433333333333334
7.2
16.233333333333334
30.666666666666668
37.733333333333334
10.266666666666667
16.933333333333334
15.533333333333333
15.9
36.733333333333334
28.633333333333333
32.3
32.733333333333334
29.033333333333335
5.8
21.233333333333334
11.5
32.3
23.1
20.733333333333334
15.566666666666666
20.0
25.466666666666665
21.133333333333333
20.433333333333334
29.8
23.3
27.733333333333334
17.233333333333334
26.866666666666667
24.0
31.233333333333334
40.2
18.633333333333333
19.666666666666668
16.0
32.53333333333333
33.56666666666667
22.0
20.9
20.0
23.633333333333333
8.5
17.866666666666667
24.633333333333333
27.833333333333332
15.366666666666667
21.633333333333333
10.833333333333334
21.566666666666666
26.6
37.06666666666667
6.233333333333333
20.2
24.533333333333335
11.666666666666666
37.3
10.766666666666667
32.833333333333336
18.366666666666667
13.166666666666666
24.466666666666665
20.6
28.566666666666666
32.96666666666667
17.866666666666667
28.833333333333332
27.966666666666665
16.9
8.9
30.0
31.733333333333334
15.733333333333333
28.2
26.066666666666666
23.966666666666665
40.733333333333334
11.266666666666667
20.4
33.46666666666667
31.533333333333335
21.366666666666667
29.2
21.233333333333334
41.1
18.2
14.966666666666667
19.9
32.06666666666667
28.2
25.233333333333334
18.833333333333332
15.466666666666667
16.033333333333335
30.433333333333334
18.633333333333333
23.566666666666666
36.766666666666666
25.533333333333335
34.266666666666666
25.366666666666667
29.5
16.033333333333335
14.666666666666666
25.933333333333334
21.0
23.666666666666668
38.93333333333333
27.366666666666667
24.1
15.0
16.166666666666668
30.033333333333335
21.9
16.466666666666665
34.766666666666666
16.866666666666667
14.033333333333333
25.266666666666666
36.766666666666666
21.766666666666666
28.966666666666665
19.9
41.06666666666667
26.866666666666667
26.2
17.433333333333334
21.366666666666667
38.36666666666667
10.433333333333334
28.4
28.766666666666666
37.1
27.533333333333335
38.5
13.833333333333334
36.166666666666664
27.766666666666666
24.766666666666666
22.7
26.633333333333333
26.1
23.366666666666667
34.86666666666667
32.56666666666667
17.266666666666666
34.36666666666667
43.766666666666666
23.433333333333334
20.166666666666668
23.633333333333333
22.166666666666668
49.06666666666667
29.866666666666667
33.96666666666667
24.4
15.166666666666666
31.533333333333335
39.7
31.9
25.8
33.6
24.633333333333333
24.2
36.733333333333334
25.333333333333332
31.533333333333335
26.066666666666666
38.766666666666666
25.533333333333335
34.06666666666667
32.06666666666667
29.033333333333335
33.36666666666667
25.666666666666668
42.56666666666667
30.666666666666668
25.2
28.466666666666665
20.3
42.166666666666664
38.166666666666664
31.633333333333333
36.733333333333334
25.6
26.866666666666667
30.3
35.4
32.333333333333336
24.4
28.666666666666668
29.966666666666665
31.9
51.53333333333333
26.533333333333335
37.733333333333334
34.0
33.63333333333333
31.233333333333334
26.033333333333335
39.43333333333333
30.833333333333332
37.3
25.8
31.366666666666667
39.63333333333333
44.4
41.9
30.566666666666666
17.133333333333333
17.5
39.166666666666664
31.366666666666667
13.7
26.066666666666666
28.6
34.166666666666664
23.233333333333334
34.4
34.1
31.133333333333333
25.733333333333334
38.233333333333334
25.233333333333334
27.766666666666666
33.733333333333334
31.366666666666667
25.033333333333335
23.9
41.93333333333333
25.833333333333332
35.7
31.4
32.8
34.3
26.5
33.166666666666664
30.766666666666666
43.0
45.8
19.733333333333334
32.7
39.166666666666664
25.866666666666667
24.266666666666666
46.36666666666667
50.63333333333333
36.7
30.066666666666666
26.566666666666666
31.0
21.3
32.766666666666666
22.266666666666666
33.13333333333333
33.1
21.433333333333334
33.0
35.3
20.933333333333334
38.333333333333336
23.633333333333333
39.4
42.63333333333333
36.56666666666667
22.933333333333334
29.666666666666668
28.566666666666666
31.6
31.2
31.0
49.56666666666667
18.266666666666666
35.7
31.9
36.46666666666667
37.06666666666667
37.2
38.8
28.666666666666668
52.766666666666666
27.2
43.43333333333333
38.06666666666667
28.166666666666668
38.666666666666664
43.6
31.6
26.833333333333332
48.63333333333333
48.56666666666667
36.8
24.0
40.9
55.8
47.96666666666667
51.266666666666666
32.8
47.5
21.866666666666667
35.06666666666667
51.8
32.36666666666667
42.2
31.7
41.36666666666667
39.166666666666664
28.633333333333333
37.93333333333333
33.93333333333333
35.1
23.766666666666666
37.8
34.4
35.6
44.36666666666667
28.466666666666665
39.666666666666664
34.4
44.96666666666667
28.066666666666666
38.96666666666667
35.233333333333334
49.9
27.966666666666665
47.0
25.033333333333335
37.56666666666667
34.13333333333333
40.6
39.266666666666666
32.36666666666667
26.733333333333334
43.333333333333336
39.166666666666664
29.2
29.866666666666667
51.56666666666667
48.333333333333336
33.666666666666664
35.03333333333333
32.2
33.8
36.0
38.666666666666664
29.133333333333333
37.06666666666667
40.43333333333333
38.06666666666667
34.96666666666667
39.6
33.2
16.633333333333333
33.03333333333333
37.666666666666664
29.233333333333334
47.766666666666666
25.633333333333333
50.3
42.46666666666667
28.533333333333335
41.8
38.56666666666667
38.0
35.333333333333336
35.06666666666667
48.03333333333333
41.36666666666667
45.96666666666667
24.5
28.533333333333335
38.46666666666667
32.86666666666667
27.9
32.333333333333336
38.6
56.233333333333334
34.93333333333333
42.56666666666667
55.1
50.53333333333333
29.7
45.46666666666667
32.93333333333333
47.233333333333334
51.8
44.36666666666667
33.3
53.733333333333334
40.36666666666667
28.9
46.56666666666667
40.36666666666667
23.133333333333333
39.666666666666664
54.96666666666667
43.06666666666667
39.56666666666667
30.533333333333335
40.43333333333333
46.666666666666664
50.233333333333334
47.06666666666667
28.833333333333332
53.93333333333333
52.36666666666667
51.166666666666664
46.733333333333334
40.3
35.93333333333333
51.46666666666667
23.2
31.766666666666666
29.466666666666665
46.666666666666664
36.1
40.9
43.266666666666666
40.06666666666667
39.56666666666667
36.56666666666667
28.566666666666666
35.13333333333333
44.13333333333333
31.966666666666665
41.3
51.93333333333333
27.533333333333335
35.06666666666667
34.06666666666667
37.03333333333333
40.1
33.1
40.56666666666667
50.9
50.43333333333333
48.833333333333336
33.6
32.833333333333336
36.13333333333333
46.9
39.56666666666667
35.5
43.233333333333334
39.53333333333333
30.433333333333334
18.9
34.266666666666666
36.9
49.733333333333334
32.666666666666664
42.333333333333336
51.7
36.2
46.8
30.4
51.5
37.03333333333333
32.9
43.3
41.833333333333336
31.933333333333334
37.36666666666667
49.2
36.266666666666666
48.56666666666667
30.933333333333334
43.766666666666666
52.36666666666667
48.9
28.5
48.06666666666667
33.1
50.1
57.2
52.666666666666664
55.36666666666667
48.36666666666667
49.9
26.6
41.733333333333334
39.13333333333333
44.166666666666664
52.6
51.03333333333333
32.93333333333333
50.36666666666667
31.866666666666667
32.03333333333333
31.8
49.333333333333336
42.46666666666667
32.166666666666664
32.13333333333333
36.43333333333333
37.93333333333333
29.1
50.06666666666667
40.93333333333333
48.96666666666667
38.5
37.03333333333333
47.333333333333336
24.8
36.96666666666667
42.93333333333333
54.0
54.86666666666667
38.06666666666667
44.1
51.8
50.666666666666664
46.56666666666667
36.766666666666666
33.9
39.4
27.166666666666668
42.3
33.13333333333333
27.2
46.13333333333333
45.233333333333334
46.333333333333336
35.03333333333333
31.233333333333334
51.63333333333333
39.9
41.4
31.2
45.833333333333336
27.633333333333333
37.166666666666664
30.166666666666668
44.333333333333336
54.0
40.03333333333333
38.63333333333333
49.233333333333334
36.666666666666664
44.13333333333333
58.666666666666664
44.9
37.13333333333333
39.9
30.933333333333334
27.133333333333333
41.93333333333333
38.13333333333333
47.03333333333333
36.36666666666667
56.0
46.6
37.0
46.43333333333333
40.6
37.266666666666666
43.36666666666667
47.56666666666667
40.6
49.7
53.833333333333336
36.03333333333333
49.13333333333333
47.46666666666667
51.96666666666667
44.8
46.766666666666666
26.8
47.766666666666666
46.266666666666666
43.2
48.3
56.733333333333334
45.1
45.36666666666667
40.4
48.1
35.166666666666664
55.1
57.53333333333333
37.63333333333333
49.233333333333334
33.46666666666667
39.733333333333334
33.3
42.4
31.266666666666666
16.9
39.56666666666667
49.1
47.233333333333334
47.36666666666667
24.166666666666668
44.0
36.1
58.766666666666666
40.9
46.46666666666667
45.233333333333334
48.36666666666667
44.36666666666667
37.63333333333333
36.6
37.333333333333336
45.833333333333336
42.7
55.86666666666667
47.0
42.2
62.43333333333333
43.833333333333336
49.86666666666667
45.56666666666667
25.333333333333332
53.2
50.5
51.1
44.56666666666667
40.166666666666664
40.46666666666667
46.8
60.63333333333333
24.766666666666666
32.03333333333333
55.233333333333334
44.9
38.333333333333336
49.3
50.03333333333333
40.86666666666667
36.86666666666667
59.53333333333333
44.166666666666664
49.9
43.1
48.666666666666664
52.1
44.93333333333333
42.93333333333333
48.0
52.86666666666667
42.1
34.166666666666664
46.56666666666667
37.0
65.06666666666666
54.43333333333333
54.9
67.1
48.13333333333333
36.1
50.0
56.2
54.13333333333333
40.1
37.5
47.266666666666666
45.3
45.93333333333333
53.166666666666664
34.1
50.56666666666667
32.666666666666664
29.9
39.766666666666666
49.166666666666664
55.13333333333333
44.1
39.833333333333336
33.4
40.06666666666667
45.3
30.833333333333332
38.1
48.833333333333336
46.4
39.96666666666667
41.0
47.63333333333333
47.63333333333333
55.333333333333336
32.666666666666664
42.96666666666667
51.2
55.7
76.23333333333333
42.63333333333333
40.9
42.733333333333334
46.2
65.63333333333334
60.8
51.06666666666667
34.766666666666666
40.93333333333333
40.766666666666666
42.36666666666667
58.233333333333334
40.36666666666667
61.0
53.2
52.266666666666666
50.5
31.466666666666665
49.53333333333333
56.766666666666666
49.833333333333336
29.033333333333335
38.43333333333333
45.233333333333334
43.63333333333333
50.733333333333334
32.56666666666667
46.0
59.7
72.43333333333334
38.43333333333333
62.166666666666664
29.266666666666666
38.3
35.1
54.7
53.43333333333333
43.86666666666667
59.266666666666666
63.3
46.43333333333333
50.666666666666664
34.166666666666664
60.86666666666667
48.9
48.96666666666667
52.9
38.7
61.86666666666667
44.1
58.733333333333334
46.6
41.86666666666667
50.46666666666667
49.333333333333336
52.46666666666667
58.63333333333333
56.3
45.7
62.5
42.5
48.233333333333334
46.6
52.63333333333333
42.13333333333333
35.43333333333333
55.63333333333333
49.166666666666664
55.833333333333336
42.56666666666667
48.666666666666664
47.733333333333334
38.733333333333334
41.36666666666667
45.56666666666667
43.53333333333333
35.63333333333333
44.7
66.1
34.766666666666666
72.33333333333333
48.333333333333336
71.4
38.56666666666667
52.2
48.266666666666666
58.93333333333333
50.43333333333333
29.433333333333334
46.8
61.93333333333333
43.56666666666667
63.06666666666667
48.6
61.333333333333336
43.333333333333336
53.8
48.166666666666664
42.43333333333333
38.766666666666666
21.6
45.13333333333333
60.3
38.36666666666667
72.93333333333334
51.93333333333333
57.8
58.666666666666664
57.53333333333333
47.9
50.86666666666667
38.766666666666666
31.166666666666668
33.96666666666667
58.06666666666667
40.233333333333334
45.63333333333333
60.53333333333333
60.266666666666666
60.9
52.233333333333334
62.56666666666667
48.36666666666667
37.3
59.8
59.86666666666667
64.26666666666667
43.733333333333334
56.666666666666664
45.733333333333334
61.8
58.1
62.03333333333333
40.36666666666667
44.6
50.03333333333333
47.1
64.63333333333334
43.9
49.93333333333333
52.36666666666667
42.8
44.8
66.4
41.233333333333334
57.166666666666664
43.56666666666667
55.96666666666667
44.166666666666664
52.46666666666667
51.03333333333333
48.0
41.63333333333333
46.56666666666667
48.1
58.13333333333333
41.233333333333334
55.2
44.9
46.4
48.733333333333334
41.1
55.36666666666667
44.733333333333334
58.2
45.9
54.3
44.13333333333333
37.8
44.7
54.4
56.833333333333336
62.93333333333333
49.3
46.63333333333333
43.53333333333333
55.233333333333334
51.36666666666667
54.03333333333333
45.766666666666666
48.43333333333333
59.93333333333333
41.86666666666667
36.3
48.93333333333333
54.86666666666667
44.03333333333333
73.5
45.266666666666666
54.2
42.766666666666666
43.36666666666667
58.266666666666666
57.0
31.766666666666666
53.63333333333333
50.8
46.63333333333333
42.2
56.46666666666667
38.4
55.46666666666667
43.53333333333333
50.766666666666666
45.4
46.63333333333333
53.2
56.4
48.266666666666666
56.86666666666667
34.93333333333333
62.96666666666667
65.33333333333333
69.2
50.233333333333334
56.03333333333333
60.4
47.7
76.86666666666666
47.36666666666667
44.4
49.333333333333336
53.53333333333333
47.733333333333334
42.93333333333333
33.96666666666667
63.266666666666666
70.26666666666667
40.63333333333333
61.733333333333334
63.733333333333334
66.6
61.06666666666667
53.8
53.53333333333333
71.83333333333333
57.9
44.2
45.96666666666667
33.13333333333333
69.7
56.766666666666666
53.43333333333333
53.4
46.46666666666667
79.1
57.46666666666667
54.733333333333334
31.933333333333334
41.333333333333336
54.96666666666667
46.03333333333333
62.166666666666664
44.5
30.866666666666667
48.96666666666667
57.93333333333333
51.2
38.166666666666664
65.2
40.833333333333336
63.03333333333333
43.5
56.46666666666667
41.666666666666664
43.766666666666666
53.733333333333334
51.7
40.86666666666667
60.06666666666667
66.16666666666667
43.93333333333333
77.6
46.666666666666664
43.8
42.733333333333334
44.86666666666667
63.333333333333336
61.666666666666664
63.666666666666664
48.233333333333334
45.233333333333334
54.56666666666667
48.333333333333336
50.13333333333333
44.43333333333333
63.06666666666667
53.5
39.1
56.03333333333333
56.9
60.36666666666667
59.96666666666667
64.23333333333333
52.63333333333333
62.06666666666667
71.96666666666667
68.16666666666667
62.63333333333333
37.733333333333334
38.8
50.36666666666667
47.166666666666664
42.766666666666666
54.6
55.1
48.233333333333334
55.6
44.1
50.13333333333333
58.233333333333334
67.26666666666667
48.2
49.0
48.36666666666667
47.3
38.5
51.8
68.33333333333333
53.166666666666664
53.0
55.96666666666667
45.46666666666667
54.8
56.8
55.333333333333336
48.06666666666667
56.3
52.3
52.56666666666667
69.36666666666666
55.63333333333333
56.733333333333334
47.266666666666666
38.43333333333333
36.8
52.666666666666664
30.3
64.16666666666667
50.266666666666666
45.766666666666666
60.166666666666664
78.16666666666667
63.8
45.3
35.93333333333333
39.4
77.3
62.6
67.3
67.2
63.9
48.5
49.86666666666667
71.26666666666667
61.666666666666664
48.53333333333333
62.86666666666667
52.06666666666667
63.1
70.33333333333333
67.03333333333333
64.6
46.266666666666666
63.733333333333334
62.13333333333333
28.133333333333333
58.766666666666666
57.96666666666667
59.36666666666667
57.7
50.43333333333333
61.0
48.8
53.53333333333333
52.1
48.86666666666667
48.36666666666667
71.2
58.233333333333334
58.9
62.0
66.16666666666667
53.36666666666667
64.13333333333334
52.733333333333334
55.03333333333333
51.63333333333333
58.5
52.7
70.33333333333333
67.36666666666666
67.56666666666666
44.9
60.6
47.333333333333336
65.3
40.46666666666667
78.06666666666666
72.3
66.96666666666667
42.06666666666667
43.46666666666667
57.7
52.53333333333333
60.43333333333333
43.63333333333333
76.3
62.0
46.1
55.6
71.2
59.93333333333333
55.9
54.0
80.8
59.3
43.96666666666667
69.6
81.06666666666666
79.7
71.03333333333333
63.266666666666666
69.76666666666667
53.7
41.666666666666664
49.2
54.766666666666666
51.03333333333333
44.166666666666664
69.4
65.9
59.36666666666667
59.46666666666667
64.7
52.03333333333333
60.4
55.5
53.8
51.4
53.7
61.56666666666667
73.86666666666666
74.6
70.86666666666666
63.2
78.6
63.43333333333333
42.86666666666667
46.86666666666667
78.26666666666667
52.86666666666667
53.8
65.03333333333333
55.03333333333333
74.16666666666667
56.7
68.06666666666666
41.666666666666664
59.8
62.666666666666664
57.86666666666667
48.86666666666667
74.4
50.333333333333336
60.0
66.66666666666667
48.7
58.3
75.93333333333334
51.63333333333333
61.8
58.9
57.166666666666664
59.13333333333333
40.1
34.4
60.4
71.43333333333334
67.56666666666666
81.1
57.63333333333333
63.46666666666667
50.7
47.766666666666666
74.2
78.06666666666666
69.5
63.833333333333336
49.8
71.83333333333333
57.233333333333334
57.86666666666667
75.06666666666666
63.53333333333333
63.96666666666667
46.333333333333336
49.53333333333333
67.36666666666666
61.56666666666667
62.9
58.96666666666667
65.9
68.76666666666667
62.733333333333334
74.2
50.7
66.86666666666666
76.5
71.5
60.6
66.46666666666667
64.2
59.333333333333336
68.06666666666666
41.96666666666667
85.3
58.333333333333336
64.93333333333334
48.266666666666666
50.93333333333333
59.1
53.333333333333336
62.8
64.23333333333333
62.8
61.06666666666667
63.93333333333333
73.23333333333333
51.56666666666667
59.0
50.36666666666667
56.6
64.56666666666666
67.16666666666667
70.43333333333334
32.43333333333333
68.73333333333333
63.53333333333333
68.66666666666667
63.43333333333333
71.66666666666667
60.3
70.7
68.2
62.56666666666667
56.4
66.46666666666667
85.16666666666667
68.3
41.733333333333334
42.36666666666667
57.86666666666667
49.36666666666667
75.56666666666666
71.53333333333333
56.06666666666667
59.2
63.63333333333333
58.36666666666667
68.7
72.16666666666667
69.23333333333333
71.6
58.766666666666666
61.43333333333333
65.8
81.73333333333333
65.83333333333333
72.93333333333334
79.56666666666666
81.53333333333333
64.53333333333333
62.3
68.4
62.36666666666667
65.73333333333333
71.0
58.166666666666664
62.733333333333334
70.1
65.36666666666666
68.7
52.766666666666666
69.13333333333334
63.266666666666666
70.4
57.36666666666667
48.9
61.4
55.7
77.33333333333333
47.96666666666667
73.1
75.33333333333333
60.8
49.63333333333333
65.23333333333333
63.13333333333333
65.96666666666667
61.53333333333333
73.8
71.23333333333333
59.266666666666666
53.266666666666666
38.733333333333334
52.3
47.56666666666667
49.333333333333336
60.8
61.4
78.7
76.66666666666667
39.4
60.43333333333333
75.66666666666667
59.13333333333333
72.1
58.03333333333333
73.33333333333333
43.63333333333333
61.03333333333333
75.3
75.23333333333333
61.13333333333333
65.46666666666667
58.53333333333333
53.7
55.56666666666667
76.13333333333334
66.23333333333333
56.86666666666667
47.96666666666667
62.13333333333333
60.9
78.46666666666667
62.56666666666667
54.333333333333336
48.96666666666667
71.53333333333333
66.4
62.833333333333336
57.766666666666666
55.1
62.233333333333334
63.53333333333333
56.233333333333334
62.1
73.1
65.53333333333333
75.33333333333333
70.66666666666667
67.36666666666666
73.76666666666667
70.1
65.86666666666666
52.266666666666666
47.46666666666667
67.63333333333334
49.56666666666667
72.73333333333333
70.53333333333333
61.8
70.83333333333333
66.1
61.7
52.7
81.96666666666667
66.36666666666666
65.16666666666667
66.4
56.43333333333333
60.666666666666664
70.6
77.1
73.93333333333334
76.2
70.9
72.3
84.2
57.13333333333333
72.13333333333334
67.06666666666666
63.2
64.63333333333334
74.13333333333334
69.73333333333333
65.76666666666667
83.1
83.0
80.13333333333334
61.93333333333333
72.66666666666667
60.733333333333334
50.36666666666667
49.63333333333333
58.53333333333333
60.7
72.56666666666666
66.93333333333334
62.56666666666667
69.03333333333333
72.96666666666667
67.8
75.1
70.83333333333333
80.6
70.7
54.93333333333333
51.266666666666666
63.36666666666667
59.96666666666667
57.5
67.13333333333334
63.2
72.63333333333334
73.5
81.0
77.33333333333333
70.06666666666666
76.5
62.36666666666667
58.8
65.43333333333334
51.53333333333333
33.53333333333333
55.13333333333333
69.36666666666666
70.43333333333334
77.36666666666666
58.5
65.1
74.93333333333334
62.06666666666667
65.53333333333333
63.1
72.8
76.96666666666667
54.03333333333333
50.93333333333333
67.46666666666667
66.63333333333334
53.2
67.83333333333333
81.56666666666666
68.5
84.5
73.33333333333333
50.1
57.266666666666666
65.23333333333333
60.46666666666667
62.36666666666667
47.63333333333333
54.666666666666664
62.666666666666664
69.96666666666667
62.86666666666667
75.5
65.13333333333334
50.833333333333336
66.06666666666666
77.06666666666666
72.93333333333334
66.13333333333334
64.93333333333334
59.9
57.333333333333336
51.166666666666664
68.86666666666666
66.1
67.43333333333334
64.86666666666666
72.13333333333334
80.93333333333334
55.266666666666666
77.8
71.23333333333333
63.6
72.16666666666667
52.13333333333333
59.06666666666667
74.76666666666667
62.6
79.9
69.76666666666667
65.06666666666666
73.46666666666667
61.13333333333333
70.06666666666666
76.56666666666666
63.3
68.6
67.76666666666667
70.86666666666666
65.3
67.26666666666667
67.1
74.13333333333334
64.13333333333334
69.9
66.86666666666666
81.93333333333334
70.03333333333333
72.5
64.46666666666667
72.73333333333333
61.0
65.83333333333333
85.2
66.4
72.93333333333334
49.266666666666666
72.6
75.36666666666666
60.06666666666667
66.0
74.86666666666666
63.3
77.9
81.6
58.766666666666666
67.5
61.43333333333333
60.266666666666666
70.2
61.93333333333333
58.733333333333334
70.53333333333333
48.7
70.33333333333333
67.46666666666667
58.3
69.96666666666667
65.63333333333334
75.06666666666666
77.0
71.0
82.23333333333333
65.43333333333334
75.23333333333333
67.26666666666667
59.43333333333333
63.166666666666664
78.3
73.66666666666667
58.8
81.06666666666666
48.233333333333334
67.36666666666666
70.36666666666666
63.03333333333333
70.6
56.63333333333333
77.83333333333333
66.23333333333333
65.3
75.56666666666666
84.26666666666667
71.6
64.66666666666667
79.56666666666666
52.9
55.333333333333336
66.86666666666666
47.6
53.6
70.93333333333334
78.33333333333333
66.16666666666667
82.16666666666667
75.63333333333334
70.13333333333334
76.93333333333334
56.36666666666667
76.9
72.5
67.3
78.13333333333334
76.33333333333333
64.36666666666666
83.5
56.96666666666667
65.3
73.7
77.46666666666667
73.3
73.13333333333334
57.3
80.4
76.0
75.76666666666667
67.2
75.03333333333333
72.2
69.73333333333333
82.0
51.13333333333333
72.63333333333334
66.8
60.766666666666666
73.5
67.16666666666667
55.4
63.233333333333334
80.83333333333333
75.76666666666667
74.13333333333334
72.16666666666667
76.06666666666666
83.86666666666666
92.1
81.43333333333334
60.233333333333334
73.1
73.5
74.16666666666667
79.06666666666666
77.03333333333333
70.86666666666666
72.63333333333334
80.2
62.166666666666664
81.03333333333333
70.26666666666667
60.56666666666667
62.6
84.96666666666667
83.53333333333333
79.0
71.2
61.5
55.766666666666666
81.43333333333334
79.6
73.96666666666667
68.93333333333334
71.43333333333334
62.46666666666667
51.06666666666667
67.5
77.66666666666667
55.53333333333333
66.13333333333334
62.5
60.4
61.43333333333333
74.96666666666667
71.83333333333333
67.26666666666667
86.23333333333333
63.56666666666667
70.6
76.43333333333334
75.6
75.63333333333334
87.56666666666666
65.46666666666667
79.56666666666666
75.66666666666667
65.96666666666667
66.66666666666667
70.23333333333333
69.1
76.36666666666666
78.36666666666666
57.733333333333334
71.1
42.3
78.43333333333334
73.63333333333334
60.46666666666667
77.26666666666667
64.33333333333333
69.4
59.5
69.83333333333333
74.83333333333333
78.93333333333334
71.86666666666666
50.1
71.6
63.63333333333333
65.5
60.03333333333333
68.53333333333333
78.96666666666667
79.16666666666667
73.3
65.2
80.3
78.43333333333334
75.0
82.5
71.26666666666667
82.33333333333333
61.3
64.66666666666667
68.23333333333333
61.0
88.66666666666667
78.43333333333334
73.13333333333334
66.73333333333333
81.46666666666667
70.3
78.5
61.36666666666667
71.13333333333334
54.233333333333334
72.13333333333334
54.53333333333333
41.733333333333334
53.1
80.5
56.53333333333333
61.13333333333333
74.53333333333333
83.8
59.43333333333333
68.1
77.43333333333334
57.56666666666667
57.7
76.7
74.6
80.96666666666667
55.63333333333333
71.9
70.06666666666666
74.23333333333333
48.9
68.43333333333334
74.2
59.56666666666667
74.63333333333334
89.36666666666666
74.86666666666666
79.96666666666667
61.93333333333333
84.0
84.26666666666667
67.66666666666667
57.63333333333333
68.3
74.06666666666666
77.26666666666667
91.13333333333334
78.2
70.06666666666666
67.73333333333333
60.3
78.8
58.7
84.86666666666666
85.43333333333334
71.9
78.33333333333333
64.53333333333333
74.43333333333334
72.76666666666667
75.56666666666666
73.2
60.333333333333336
60.6
71.93333333333334
76.1
62.56666666666667
72.93333333333334
77.3
72.13333333333334
82.8
64.3
62.43333333333333
76.2
88.53333333333333
70.23333333333333
67.6
76.06666666666666
69.53333333333333
60.3
73.03333333333333
80.43333333333334
87.73333333333333
66.83333333333333
86.8
75.43333333333334
51.86666666666667
76.9
83.0
66.93333333333334
66.2
67.43333333333334
64.76666666666667
79.1
71.06666666666666
72.43333333333334
69.63333333333334
74.6
94.23333333333333
82.23333333333333
72.2
69.43333333333334
83.06666666666666
82.26666666666667
70.53333333333333
78.23333333333333
77.36666666666666
54.233333333333334
59.833333333333336
77.96666666666667
71.16666666666667
83.73333333333333
85.8
81.76666666666667
79.16666666666667
81.0
73.6
80.53333333333333
74.0
75.3
55.06666666666667
71.2
74.03333333333333
81.7
70.86666666666666
68.86666666666666
57.43333333333333
66.36666666666666
63.13333333333333
80.9
76.76666666666667
74.56666666666666
65.53333333333333
84.8
79.3
83.66666666666667
78.63333333333334
67.7
87.53333333333333
78.43333333333334
81.3
75.3
78.93333333333334
77.0
89.83333333333333
69.03333333333333
58.63333333333333
71.06666666666666
87.53333333333333
58.46666666666667
61.7
84.2
68.96666666666667
59.766666666666666
81.53333333333333
81.06666666666666
68.86666666666666
70.1
74.1
75.9
79.06666666666666
69.36666666666666
79.86666666666666
84.46666666666667
59.53333333333333
75.86666666666666
77.46666666666667
72.1
71.83333333333333
68.73333333333333
81.76666666666667
63.03333333333333
75.83333333333333
77.0
68.66666666666667
86.76666666666667
79.33333333333333
78.46666666666667
70.93333333333334
75.4
81.06666666666666
74.93333333333334
78.0
72.96666666666667
71.06666666666666
73.86666666666666
88.46666666666667
60.766666666666666
71.7
78.5
85.2
80.56666666666666
71.23333333333333
75.9
79.4
82.4
64.53333333333333
86.7
63.7
47.833333333333336
66.4
72.43333333333334
82.83333333333333
81.06666666666666
67.86666666666666
78.56666666666666
67.6
68.0
71.93333333333334
65.63333333333334
62.8
68.9
76.06666666666666
79.4
74.66666666666667
72.76666666666667
80.0
71.96666666666667
71.4
68.96666666666667
97.93333333333334
78.86666666666666
84.66666666666667
73.36666666666666
88.26666666666667
77.5
89.23333333333333
77.0
74.06666666666666
79.16666666666667
84.2
74.1
86.5
98.43333333333334
84.66666666666667
85.63333333333334
93.56666666666666
89.43333333333334
58.3
72.86666666666666
76.7
83.13333333333334
81.66666666666667
70.7
80.0
74.93333333333334
66.4
73.4
61.833333333333336
84.53333333333333
74.23333333333333
72.4
75.76666666666667
77.63333333333334
83.3
80.8
86.9
79.06666666666666
75.03333333333333
52.3
73.3
83.16666666666667
71.2
88.46666666666667
81.4
71.0
80.56666666666666
73.5
70.9
44.53333333333333
80.3
65.86666666666666
84.23333333333333
58.166666666666664
89.16666666666667
80.33333333333333
62.166666666666664
68.0
76.06666666666666
84.63333333333334
71.6
82.73333333333333
83.16666666666667
59.1
80.23333333333333
77.13333333333334
87.8
74.8
78.33333333333333
82.86666666666666
92.56666666666666
92.9
85.53333333333333
74.63333333333334
70.7
89.06666666666666
70.96666666666667
73.13333333333334
83.66666666666667
66.93333333333334
72.06666666666666
74.23333333333333
80.46666666666667
69.0
73.9
89.2
75.2
75.53333333333333
83.06666666666666
83.13333333333334
86.7
99.23333333333333
79.86666666666666
66.73333333333333
75.36666666666666
78.13333333333334
73.8
80.16666666666667
71.5
75.03333333333333
74.66666666666667
79.33333333333333
79.7
81.56666666666666
72.36666666666666
70.86666666666666
80.63333333333334
83.36666666666666
86.36666666666666
51.03333333333333
76.5
80.53333333333333
79.6
82.93333333333334
79.6
87.8
94.7
79.83333333333333
79.23333333333333
63.36666666666667
69.2
77.4
69.86666666666666
60.03333333333333
84.8
75.3
63.8
76.66666666666667
78.26666666666667
84.93333333333334
76.1
63.6
93.36666666666666
81.53333333333333
74.8
89.86666666666666
84.33333333333333
70.9
98.3
67.03333333333333
66.8
87.26666666666667
73.1
84.13333333333334
86.83333333333333
81.06666666666666
91.6
78.23333333333333
77.26666666666667
77.1
87.06666666666666
94.63333333333334
76.36666666666666
77.26666666666667
84.3
89.16666666666667
74.26666666666667
75.66666666666667
77.8
66.0
70.86666666666666
83.0
83.83333333333333
82.83333333333333
83.9
81.13333333333334
70.7
72.53333333333333
83.83333333333333
77.26666666666667
79.23333333333333
83.5
82.4
79.0
64.06666666666666
75.83333333333333
76.36666666666666
86.3
73.1
86.33333333333333
73.1
71.06666666666666
79.3
58.46666666666667
79.36666666666666
75.93333333333334
87.96666666666667
83.86666666666666
70.46666666666667
78.06666666666666
62.333333333333336
64.46666666666667
92.76666666666667
95.86666666666666
83.63333333333334
85.9
77.53333333333333
80.53333333333333
71.26666666666667
65.76666666666667
74.63333333333334
77.03333333333333
79.7
77.76666666666667
94.8
69.6
81.93333333333334
82.2
72.36666666666666
79.2
86.93333333333334
84.8
79.36666666666666
61.733333333333334
84.66666666666667
78.8
75.46666666666667
63.93333333333333
49.53333333333333
102.86666666666666
81.03333333333333
88.06666666666666
85.86666666666666
82.0
89.7
94.1
89.46666666666667
74.0
93.46666666666667
82.8
75.8
82.86666666666666
86.56666666666666
76.43333333333334
91.0
89.43333333333334
82.16666666666667
72.53333333333333
83.66666666666667
89.36666666666666
82.03333333333333
79.03333333333333
80.23333333333333
95.66666666666667
67.4
64.3
80.43333333333334
64.4
84.13333333333334
81.53333333333333
76.83333333333333
73.76666666666667
87.5
71.96666666666667
78.96666666666667
80.63333333333334
84.6
78.03333333333333
86.3
88.8
86.33333333333333
91.13333333333334
81.63333333333334
81.7
80.73333333333333
68.66666666666667
75.8
78.63333333333334
74.23333333333333
73.66666666666667
90.2
92.86666666666666
72.06666666666666
70.63333333333334
78.56666666666666
82.9
93.56666666666666
76.56666666666666
80.83333333333333
69.23333333333333
77.26666666666667
87.13333333333334
81.8
89.0
62.5
71.06666666666666
87.36666666666666
74.83333333333333
75.66666666666667
74.13333333333334
79.03333333333333
84.1
67.26666666666667
75.6
86.03333333333333
73.5
74.86666666666666
81.5
79.56666666666666
76.0
76.76666666666667
86.23333333333333
81.46666666666667
72.13333333333334
95.66666666666667
80.66666666666667
72.66666666666667
61.733333333333334
72.3
85.76666666666667
63.96666666666667
87.06666666666666
71.6
72.33333333333333
82.13333333333334
78.66666666666667
90.3
87.3
77.6
71.6
66.56666666666666
83.76666666666667
76.66666666666667
70.56666666666666
71.9
98.26666666666667
77.96666666666667
70.93333333333334
74.7
90.1
81.06666666666666
66.8
86.16666666666667
79.3
79.3
62.3
76.7
73.93333333333334
104.5
73.63333333333334
71.0
86.43333333333334
77.53333333333333
78.13333333333334
78.4
83.43333333333334
91.66666666666667
78.06666666666666
83.53333333333333
81.26666666666667
86.06666666666666
89.73333333333333
87.8
92.23333333333333
75.53333333333333
79.53333333333333
85.33333333333333
78.6
67.53333333333333
89.1
96.73333333333333
90.4
74.73333333333333
84.8
71.73333333333333
89.6
90.1
70.9
73.33333333333333
89.6
95.0
73.7
74.63333333333334
83.6
78.5
85.16666666666667
86.93333333333334
68.53333333333333
70.9
88.16666666666667
90.26666666666667
89.46666666666667
81.23333333333333
88.13333333333334
75.33333333333333
88.9
89.16666666666667
89.06666666666666
79.0
88.5
72.9
72.8
75.43333333333334
85.46666666666667
97.2
72.66666666666667
90.83333333333333
87.03333333333333
82.86666666666666
70.56666666666666
66.93333333333334
80.56666666666666
74.16666666666667
88.63333333333334
67.83333333333333
76.53333333333333
86.93333333333334
80.4
75.3
87.0
67.46666666666667
84.0
82.93333333333334
76.23333333333333
67.53333333333333
59.6
92.16666666666667
81.6
75.9
80.66666666666667
67.36666666666666
92.13333333333334
80.9
71.46666666666667
75.1
74.36666666666666
84.26666666666667
88.86666666666666
76.6
63.233333333333334
93.73333333333333
77.1
86.96666666666667
87.66666666666667
68.43333333333334
76.43333333333334
68.56666666666666
85.56666666666666
79.53333333333333
71.3
80.33333333333333
93.46666666666667
68.7
78.96666666666667
72.93333333333334
74.26666666666667
83.4
87.3
78.6
96.43333333333334
75.16666666666667
71.0
81.76666666666667
80.13333333333334
76.16666666666667
84.13333333333334
86.26666666666667
80.66666666666667
88.93333333333334
77.76666666666667
88.66666666666667
76.9
101.53333333333333
78.06666666666666
77.43333333333334
88.93333333333334
81.6
75.33333333333333
73.23333333333333
93.9
80.46666666666667
74.6
94.4
78.46666666666667
75.66666666666667
90.73333333333333
77.5
77.06666666666666
78.63333333333334
65.53333333333333
75.46666666666667
57.43333333333333
82.7
68.36666666666666
96.46666666666667
87.0
68.5
83.26666666666667
73.96666666666667
77.16666666666667
94.73333333333333
82.73333333333333
82.5
68.4
74.0
81.7
96.5
76.13333333333334
79.0
88.96666666666667
69.7
86.5
76.33333333333333
93.56666666666666
77.3
89.56666666666666
74.13333333333334
62.766666666666666
96.06666666666666
82.2
70.83333333333333
86.5
82.53333333333333
75.16666666666667
81.16666666666667
66.66666666666667
90.63333333333334
66.0
68.56666666666666
93.16666666666667
86.66666666666667
81.43333333333334
70.26666666666667
57.833333333333336
75.13333333333334
86.0
75.46666666666667
75.1
95.76666666666667
87.56666666666666
70.1
90.9
93.8
94.8
65.06666666666666
89.0
81.7
88.53333333333333
79.63333333333334
84.2
86.43333333333334
69.2
88.36666666666666
81.1
77.53333333333333
81.1
79.63333333333334
85.43333333333334
92.03333333333333
81.16666666666667
79.7
83.1
73.93333333333334
81.76666666666667
93.53333333333333
82.43333333333334
93.96666666666667
93.16666666666667
61.06666666666667
89.06666666666666
93.23333333333333
79.03333333333333
51.0
77.33333333333333
78.86666666666666
81.7
83.36666666666666
78.03333333333333
84.66666666666667
84.1
81.5
86.23333333333333
75.5
71.33333333333333
80.43333333333334
85.7
78.6
88.5
75.0
79.4
74.06666666666666
93.2
83.7
74.43333333333334
82.23333333333333
75.9
75.9
88.76666666666667
76.13333333333334
91.86666666666666
86.13333333333334
85.06666666666666
94.63333333333334
74.73333333333333
92.43333333333334
62.8
86.26666666666667
78.26666666666667
76.96666666666667
78.73333333333333
99.1
71.36666666666666
86.13333333333334
95.43333333333334
88.16666666666667
76.93333333333334
92.06666666666666
86.3
81.16666666666667
81.0
84.93333333333334
82.73333333333333
97.3
92.3
94.66666666666667
70.4
88.23333333333333
81.43333333333334
87.23333333333333
92.46666666666667
91.6
71.23333333333333
78.93333333333334
86.9
79.7
75.26666666666667
83.76666666666667
82.66666666666667
74.16666666666667
79.8
79.43333333333334
78.9
78.3
87.53333333333333
86.3
82.46666666666667
79.2
84.56666666666666
78.6
70.03333333333333
77.4
94.33333333333333
79.13333333333334
91.23333333333333
86.86666666666666
86.33333333333333
94.0
80.43333333333334
71.86666666666666
85.3
82.86666666666666
75.4
87.0
81.83333333333333
86.2
82.86666666666666
73.76666666666667
93.33333333333333
77.2
78.46666666666667
90.96666666666667
78.63333333333334
82.13333333333334
99.5
84.26666666666667
88.33333333333333
87.83333333333333
94.76666666666667
74.86666666666666
72.3
83.36666666666666
79.8
80.6
59.1
71.9
91.06666666666666
83.73333333333333
72.6
87.83333333333333
91.0
86.23333333333333
70.03333333333333
72.03333333333333
79.7
89.86666666666666
76.1
66.8
74.23333333333333
81.13333333333334
83.46666666666667
85.7
102.8
82.03333333333333
67.76666666666667
95.0
64.53333333333333
78.23333333333333
89.76666666666667
82.0
98.8
70.53333333333333
88.33333333333333
73.0
84.63333333333334
91.36666666666666
73.16666666666667
71.76666666666667
83.96666666666667
83.43333333333334
71.0
90.53333333333333
78.23333333333333
96.56666666666666
77.26666666666667
83.03333333333333
77.6
87.56666666666666
78.8
79.93333333333334
87.93333333333334
80.36666666666666
76.93333333333334
90.13333333333334
71.26666666666667
86.6
73.9
75.6
79.6
73.7
73.66666666666667
86.56666666666666
96.4
100.33333333333333
71.16666666666667
75.86666666666666
76.2
85.7
91.93333333333334
82.46666666666667
88.93333333333334
83.5
91.16666666666667
84.96666666666667
82.86666666666666
95.3
83.26666666666667
63.166666666666664
63.766666666666666
76.8
88.96666666666667
78.56666666666666
77.36666666666666
80.76666666666667
68.56666666666666
91.9
78.9
89.33333333333333
85.0
79.03333333333333
80.23333333333333
73.33333333333333
83.4
88.63333333333334
76.16666666666667
81.33333333333333
97.66666666666667
79.33333333333333
89.66666666666667
87.43333333333334
75.36666666666666
86.46666666666667
88.06666666666666
73.83333333333333
82.23333333333333
83.66666666666667
93.13333333333334
85.26666666666667
78.93333333333334
83.4
90.46666666666667
90.7
84.2
71.16666666666667
80.7
75.76666666666667
86.3
85.1
72.86666666666666
86.13333333333334
87.73333333333333
77.4
84.23333333333333
78.0
77.2
78.33333333333333
81.46666666666667
86.4
79.1
99.9
88.43333333333334
85.0
92.83333333333333
91.9
74.7
99.43333333333334
79.06666666666666
99.03333333333333
90.8
80.76666666666667
70.63333333333334
78.5
83.23333333333333
84.9
91.03333333333333
86.2
97.33333333333333
78.23333333333333
77.9
89.03333333333333
87.7
71.9
94.76666666666667
89.9
67.7
81.93333333333334
82.73333333333333
93.23333333333333
85.8
82.5
81.7
79.06666666666666
74.8
69.9
75.2
83.1
76.26666666666667
74.96666666666667
69.03333333333333
91.26666666666667
86.2
84.26666666666667
71.13333333333334
77.7
75.3
77.53333333333333
90.06666666666666
91.03333333333333
86.43333333333334
67.8
93.7
83.63333333333334
79.8
68.0
82.7
80.36666666666666
78.7
78.86666666666666
88.16666666666667
77.56666666666666
76.53333333333333
84.76666666666667
83.5
83.0
87.53333333333333
82.66666666666667
80.9
76.06666666666666
90.6
97.36666666666666
79.0
89.4
92.1
83.7
98.26666666666667
79.56666666666666
79.8
96.5
89.06666666666666
85.9
79.0
77.16666666666667
65.2
99.3
79.3
80.0
77.43333333333334
78.7
82.83333333333333
98.5
61.833333333333336
85.23333333333333
79.96666666666667
81.53333333333333
77.13333333333334
94.8
86.3
75.2
87.03333333333333
94.3
85.06666666666666
88.56666666666666
67.6
80.86666666666666
80.86666666666666
90.76666666666667
76.13333333333334
96.0
76.23333333333333
95.8
78.4
85.33333333333333
90.3
68.16666666666667
90.5
72.73333333333333
73.23333333333333
80.76666666666667
87.5
89.03333333333333
78.63333333333334
76.76666666666667
63.733333333333334
77.93333333333334
83.9
87.06666666666666
75.26666666666667
78.66666666666667
75.33333333333333
88.3
93.43333333333334
80.5
79.46666666666667
92.56666666666666
91.16666666666667
85.53333333333333
88.43333333333334
77.53333333333333
90.66666666666667
81.83333333333333
94.83333333333333
87.6
80.86666666666666
95.66666666666667
83.43333333333334
100.93333333333334
70.0
89.36666666666666
99.86666666666666
81.86666666666666
78.43333333333334
78.8
70.26666666666667
73.93333333333334
78.6
83.33333333333333
97.46666666666667
78.3
94.33333333333333
77.53333333333333
74.16666666666667
87.03333333333333
97.73333333333333
77.23333333333333
60.03333333333333
93.6
79.36666666666666
66.7
82.96666666666667
75.3
81.4
101.63333333333334
76.93333333333334
67.46666666666667
88.6
81.03333333333333
89.33333333333333
70.9
103.23333333333333
79.03333333333333
73.53333333333333
83.16666666666667
85.03333333333333
83.63333333333334
70.23333333333333
63.166666666666664
86.5
88.6
81.0
94.86666666666666
104.36666666666666
104.26666666666667
100.33333333333333
107.03333333333333
100.76666666666667
106.33333333333333
88.46666666666667
89.13333333333334
77.6
79.43333333333334
78.7
87.66666666666667
78.0
82.36666666666666
61.6
85.23333333333333
87.03333333333333
93.66666666666667
87.6
71.13333333333334
88.6
76.5
84.3
83.13333333333334
70.03333333333333
91.1
75.13333333333334
80.03333333333333
81.5
78.6
73.03333333333333
75.26666666666667
88.36666666666666
78.83333333333333
92.56666666666666
78.7
86.03333333333333
66.23333333333333
69.5
83.96666666666667
84.23333333333333
78.1
92.13333333333334
97.1
84.73333333333333
95.73333333333333
90.03333333333333
77.46666666666667
86.7
93.36666666666666
69.53333333333333
80.13333333333334
86.1
94.83333333333333
94.1
70.86666666666666
84.4
96.36666666666666
95.86666666666666
65.23333333333333
75.06666666666666
93.3
87.96666666666667
91.03333333333333
69.53333333333333
89.23333333333333
80.23333333333333
81.53333333333333
90.66666666666667
80.4
95.16666666666667
96.23333333333333
97.43333333333334
90.4
92.36666666666666
82.6
75.96666666666667
92.33333333333333
84.1
81.7
95.43333333333334
83.33333333333333
84.46666666666667
85.7
75.76666666666667
90.1
87.3
78.23333333333333
69.26666666666667
77.16666666666667
90.3
84.96666666666667
77.1
86.2
89.0
87.16666666666667
86.6
82.93333333333334
89.93333333333334
78.5
82.5
82.66666666666667
79.13333333333334
93.73333333333333
97.93333333333334
86.36666666666666
81.76666666666667
81.63333333333334
85.93333333333334
97.1
96.4
75.8
91.56666666666666
76.36666666666666
83.1
75.66666666666667
83.96666666666667
87.96666666666667
84.66666666666667
80.76666666666667
87.16666666666667
90.63333333333334
72.86666666666666
79.8
83.76666666666667
88.5
77.66666666666667
78.26666666666667
93.8
87.43333333333334
74.8
82.06666666666666
79.23333333333333
89.5
71.93333333333334
83.1
100.86666666666666
78.93333333333334
83.26666666666667
83.5
82.4
99.33333333333333
75.7
96.2
75.33333333333333
72.46666666666667
90.2
79.96666666666667
87.86666666666666
76.53333333333333
83.66666666666667
84.4
87.03333333333333
92.63333333333334
91.76666666666667
91.26666666666667
84.06666666666666
93.13333333333334
101.93333333333334
84.5
87.56666666666666
71.03333333333333
89.3
93.96666666666667
82.96666666666667
81.13333333333334
90.53333333333333
87.63333333333334
71.9
89.5
79.53333333333333
71.3
83.33333333333333
87.16666666666667
91.0
82.53333333333333
85.03333333333333
98.43333333333334
99.86666666666666
101.23333333333333
102.66666666666667
97.4
104.5
95.73333333333333
100.13333333333334
101.5
104.33333333333333
107.46666666666667
98.16666666666667
108.06666666666666
96.46666666666667
106.36666666666666
98.16666666666667
103.36666666666666
101.3
106.66666666666667
104.66666666666667
108.63333333333334
100.86666666666666
89.0
86.76666666666667
82.86666666666666
95.53333333333333
85.83333333333333
66.33333333333333
91.36666666666666
83.5
67.8
96.8
77.76666666666667
82.03333333333333
85.7
94.13333333333334
71.93333333333334
81.26666666666667
77.3
72.93333333333334
81.93333333333334
92.1
88.8
88.06666666666666
76.0
80.36666666666666
92.96666666666667
83.63333333333334
80.43333333333334
79.03333333333333
85.63333333333334
82.73333333333333
94.03333333333333
82.46666666666667
68.26666666666667
95.3
90.8
81.43333333333334
81.33333333333333
93.8
70.4
96.33333333333333
95.83333333333333
81.03333333333333
92.3
84.53333333333333
81.3
86.93333333333334
99.0
100.56666666666666
107.26666666666667
100.66666666666667
106.33333333333333
94.93333333333334
104.86666666666666
102.63333333333334
101.36666666666666
105.4
96.96666666666667
107.93333333333334
99.5
104.6
104.7
99.76666666666667
107.16666666666667
105.03333333333333
105.1
104.16666666666667
98.83333333333333
97.0
104.06666666666666
96.96666666666667
94.0
108.93333333333334
104.16666666666667
104.76666666666667
107.33333333333333
106.3
103.7
105.3
100.13333333333334
99.46666666666667
100.96666666666667
102.66666666666667
104.53333333333333
104.76666666666667
101.03333333333333
103.7
104.6
108.36666666666666
104.8
103.93333333333334
105.86666666666666
101.73333333333333
102.33333333333333
106.73333333333333
102.36666666666666
107.43333333333334
93.2
103.3
107.9
102.73333333333333
109.16666666666667
100.2
100.73333333333333
105.63333333333334
106.23333333333333
100.0
101.9
101.93333333333334
103.46666666666667
101.36666666666666
105.16666666666667
104.83333333333333
100.63333333333334
84.33333333333333
78.96666666666667
101.0
98.46666666666667
95.46666666666667
99.26666666666667
73.1
80.76666666666667
101.7
84.23333333333333
89.3
80.26666666666667
90.03333333333333
83.2
77.33333333333333
68.86666666666666
85.4
90.53333333333333
95.66666666666667
85.4
73.93333333333334
98.13333333333334
91.9
79.26666666666667
95.46666666666667
91.76666666666667
83.7
89.2
78.96666666666667
96.73333333333333
88.46666666666667
86.86666666666666
91.0
96.86666666666666
75.2
84.76666666666667
84.3
80.06666666666666
92.76666666666667
75.4
80.46666666666667
87.13333333333334
86.4
76.23333333333333
89.13333333333334
89.96666666666667
105.56666666666666
88.13333333333334
79.46666666666667
88.6
83.93333333333334
104.26666666666667
93.96666666666667
85.63333333333334
90.3
91.6
85.1
81.73333333333333
94.1
84.03333333333333
93.46666666666667
69.4
97.33333333333333
76.46666666666667
83.56666666666666
98.5
82.76666666666667
80.26666666666667
69.16666666666667
70.63333333333334
89.76666666666667
93.6
93.26666666666667
93.83333333333333
82.86666666666666
77.76666666666667
101.63333333333334
73.16666666666667
89.73333333333333
81.56666666666666
73.86666666666666
76.5
98.26666666666667
80.7
81.7
90.7
67.06666666666666
91.36666666666666
90.6
83.36666666666666
94.73333333333333
96.36666666666666
81.5
80.16666666666667
92.36666666666666
90.93333333333334
86.63333333333334
83.16666666666667
77.4
84.93333333333334
76.93333333333334
95.03333333333333
94.66666666666667
88.06666666666666
77.26666666666667
81.73333333333333
96.86666666666666
88.7
85.9
76.93333333333334
84.9
73.43333333333334
84.13333333333334
87.53333333333333
86.63333333333334
96.63333333333334
103.53333333333333
69.36666666666666
86.4
87.9
71.6
92.03333333333333
90.66666666666667
80.53333333333333
86.43333333333334
85.4
77.0
90.26666666666667
83.6
85.1
88.43333333333334
71.73333333333333
90.63333333333334
83.6
97.16666666666667
104.96666666666667
82.0
96.86666666666666
92.7
81.13333333333334
99.3
88.16666666666667
92.46666666666667
83.9
84.23333333333333
98.36666666666666
81.36666666666666
97.63333333333334
84.86666666666666
90.5
86.1
87.16666666666667
65.43333333333334
93.76666666666667
82.66666666666667
79.96666666666667
82.66666666666667
90.6
90.0
106.56666666666666
85.33333333333333
75.96666666666667
86.26666666666667
93.2
92.86666666666666
71.66666666666667
88.96666666666667
90.13333333333334
84.06666666666666
94.83333333333333
81.13333333333334
92.5
81.4
90.66666666666667
67.06666666666666
83.43333333333334
87.73333333333333
86.03333333333333
82.1
92.5
87.76666666666667
94.93333333333334
83.4
91.13333333333334
91.1
83.26666666666667
90.56666666666666
98.76666666666667
85.06666666666666
86.7
93.16666666666667
75.0
89.53333333333333
85.43333333333334
93.6
88.73333333333333
83.46666666666667
84.4
85.63333333333334
74.0
90.06666666666666
79.13333333333334
84.76666666666667
73.7
89.93333333333334
91.46666666666667
66.16666666666667
97.0
93.33333333333333
87.43333333333334
90.33333333333333
77.86666666666666
93.63333333333334
80.46666666666667
97.46666666666667
81.23333333333333
90.6
88.46666666666667
93.13333333333334
87.86666666666666
93.63333333333334
74.4
95.66666666666667
85.23333333333333
89.13333333333334
78.26666666666667
81.66666666666667
97.76666666666667
100.26666666666667
108.96666666666667
106.23333333333333
104.3
101.56666666666666
104.3
106.06666666666666
104.23333333333333
100.76666666666667
105.26666666666667
100.2
107.3
104.6
102.93333333333334
103.46666666666667
105.36666666666666
105.1
100.4
100.23333333333333
103.63333333333334
103.8
106.76666666666667
107.53333333333333
108.36666666666666
97.66666666666667
106.4
106.36666666666666
107.36666666666666
106.8
109.3
102.63333333333334
103.16666666666667
105.36666666666666
107.6
105.33333333333333
100.73333333333333
99.6
108.2
106.1
103.26666666666667
100.76666666666667
105.46666666666667
106.1
108.76666666666667
104.76666666666667
108.73333333333333
104.03333333333333
105.63333333333334
105.63333333333334
81.66666666666667
93.0
89.1
84.1
101.9
79.8
83.5
76.96666666666667
84.4
72.13333333333334
81.63333333333334
79.96666666666667
86.76666666666667
81.7
88.8
85.66666666666667
84.1
88.5
78.93333333333334
86.3
83.33333333333333
101.1
87.73333333333333
101.56666666666666
89.56666666666666
89.86666666666666
96.1
83.33333333333333
86.2
89.26666666666667
89.86666666666666
87.2
91.86666666666666
86.4
76.53333333333333
94.1
96.36666666666666
98.8
108.53333333333333
103.3
106.2
104.96666666666667
100.83333333333333
106.83333333333333
106.96666666666667
108.93333333333334
104.93333333333334
105.7
107.76666666666667
104.2
99.83333333333333
104.83333333333333
108.1
102.43333333333334
96.4
103.56666666666666
107.5
103.33333333333333
102.76666666666667
105.56666666666666
107.5
104.46666666666667
109.46666666666667
104.03333333333333
109.63333333333334
105.53333333333333
108.3
107.93333333333334
99.03333333333333
98.06666666666666
102.8
102.4
104.2
102.7
104.96666666666667
104.6
108.26666666666667
106.76666666666667
106.83333333333333
101.13333333333334
97.26666666666667
107.43333333333334
104.66666666666667
103.0
104.16666666666667
102.86666666666666
99.6
104.6
101.83333333333333
101.76666666666667
107.53333333333333
108.5
106.03333333333333
104.5
108.1
103.1
101.8
109.3
102.83333333333333
105.56666666666666
105.63333333333334
106.5
106.06666666666666
103.33333333333333
103.6
106.93333333333334
104.23333333333333
106.66666666666667
107.43333333333334
103.13333333333334
100.2
108.5
101.43333333333334
105.56666666666666
106.63333333333334
101.53333333333333
107.7
105.63333333333334
106.23333333333333
101.8
99.3
100.86666666666666
102.96666666666667
106.06666666666666
105.4
105.23333333333333
104.23333333333333
101.16666666666667
101.2
99.76666666666667
104.1
103.06666666666666
106.36666666666666
106.5
94.63333333333334
105.86666666666666
102.4
106.4
107.6
105.8
105.6
105.03333333333333
104.73333333333333
103.1
106.83333333333333
106.66666666666667
109.03333333333333
101.8
99.16666666666667
103.56666666666666
103.1
98.56666666666666
104.66666666666667
106.63333333333334
108.83333333333333
103.46666666666667
108.23333333333333
104.7
102.0
104.63333333333334
108.2
103.2
102.86666666666666
99.36666666666666
103.46666666666667
103.7
108.2
106.2
105.4
105.33333333333333
106.26666666666667
96.8
106.7
105.56666666666666
107.53333333333333
107.16666666666667
103.83333333333333
101.96666666666667
104.53333333333333
101.66666666666667
104.83333333333333
98.93333333333334
104.63333333333334
98.9
106.63333333333334
104.8
102.3
100.8
102.46666666666667
105.9
104.7
104.36666666666666
105.83333333333333
108.56666666666666
103.1
105.63333333333334
104.4
107.56666666666666
106.4
102.3
105.43333333333334
101.46666666666667
102.3
104.26666666666667
102.53333333333333
108.53333333333333
99.5
104.16666666666667
100.8
107.26666666666667
102.83333333333333
104.5
105.16666666666667
106.16666666666667
100.83333333333333
99.23333333333333
95.13333333333334
107.86666666666666
108.2
106.13333333333334
107.5
106.63333333333334
107.06666666666666
101.73333333333333
104.46666666666667
106.36666666666666
104.13333333333334
105.5
104.53333333333333
107.33333333333333
106.8
106.43333333333334
106.46666666666667
108.26666666666667
104.03333333333333
103.2
107.96666666666667
93.1
104.36666666666666
107.66666666666667
104.13333333333334
110.06666666666666
100.16666666666667
105.7
107.5
106.83333333333333
103.33333333333333
102.4
102.56666666666666
97.56666666666666
105.36666666666666
108.33333333333333
105.0
103.8
108.23333333333333
106.03333333333333
99.36666666666666
106.33333333333333
107.13333333333334
104.1
104.23333333333333
109.2
108.9
104.4
106.36666666666666
108.4
106.4
109.8
102.6
103.5
105.93333333333334
102.63333333333334
106.1
107.06666666666666
106.76666666666667
102.13333333333334
105.46666666666667
108.2
108.7
104.56666666666666
107.76666666666667
104.83333333333333
103.8
106.0
109.66666666666667
108.26666666666667
107.13333333333334
104.5
107.23333333333333
106.46666666666667
108.4
101.63333333333334
107.9
103.9
105.76666666666667
105.96666666666667
107.5
102.16666666666667
106.56666666666666
107.4
105.3
106.9
108.33333333333333
104.4
102.46666666666667
104.86666666666666
104.63333333333334
105.86666666666666
108.16666666666667
105.06666666666666
102.1
105.83333333333333
105.73333333333333
107.0
104.86666666666666
107.33333333333333
105.73333333333333
105.03333333333333
103.7
107.96666666666667
109.96666666666667
104.86666666666666
102.96666666666667
104.4
104.76666666666667
105.63333333333334
106.73333333333333
103.56666666666666
107.3
104.13333333333334
106.5
101.26666666666667
107.03333333333333
101.8
107.83333333333333
105.93333333333334
101.26666666666667
100.8
106.5
103.8
101.13333333333334
104.7
101.6
106.6
102.5
109.26666666666667
94.16666666666667
109.63333333333334
105.26666666666667
101.06666666666666
108.73333333333333
103.56666666666666
102.96666666666667
107.56666666666666
106.53333333333333
108.06666666666666
107.56666666666666
105.4
107.43333333333334
107.93333333333334
97.5
85.3
83.43333333333334
72.66666666666667
86.93333333333334
83.23333333333333
84.1
76.33333333333333
90.23333333333333
92.23333333333333
84.56666666666666
82.26666666666667
87.13333333333334
78.56666666666666
89.86666666666666
98.63333333333334
81.9
103.0
73.06666666666666
82.6
98.13333333333334
77.16666666666667
86.76666666666667
67.16666666666667
85.76666666666667
78.46666666666667
96.66666666666667
85.3
96.6
85.9
85.1
96.36666666666666
80.06666666666666
84.93333333333334
86.3
76.86666666666666
85.93333333333334
86.6
82.1
87.56666666666666
89.2
93.0
87.76666666666667
68.93333333333334
94.23333333333333
85.33333333333333
79.6
92.9
103.3
88.43333333333334
79.53333333333333
96.93333333333334
93.83333333333333
89.56666666666666
72.0
81.26666666666667
94.06666666666666
88.33333333333333
75.3
98.33333333333333
90.23333333333333
82.16666666666667
66.6
90.2
88.3
95.2
101.9
90.8
83.63333333333334
98.33333333333333
81.03333333333333
89.9
74.46666666666667
92.83333333333333
93.46666666666667
75.26666666666667
83.43333333333334
88.4
97.33333333333333
88.0
80.66666666666667
94.9
77.9
96.4
95.7
81.96666666666667
70.76666666666667
76.3
81.76666666666667
91.3
94.63333333333334
98.16666666666667
83.26666666666667
73.7
103.2
93.66666666666667
92.5
94.36666666666666
90.7
91.76666666666667
88.76666666666667
92.1
87.56666666666666
88.63333333333334
90.46666666666667
85.5
100.1
102.2
97.33333333333333
93.16666666666667
102.46666666666667
105.26666666666667
105.06666666666666
105.2
101.93333333333334
99.9
104.7
107.96666666666667
106.56666666666666
107.36666666666666
107.1
108.4
107.2
102.96666666666667
98.0
109.36666666666666
105.5
109.1
104.76666666666667
108.76666666666667
105.6
108.7
105.6
109.6
109.03333333333333
105.73333333333333
107.2
109.6
107.0
106.53333333333333
103.63333333333334
105.46666666666667
105.13333333333334
108.23333333333333
106.26666666666667
108.46666666666667
108.73333333333333
107.0
101.86666666666666
106.16666666666667
105.5
102.96666666666667
106.36666666666666
105.56666666666666
107.96666666666667
106.36666666666666
102.13333333333334
103.76666666666667
105.26666666666667
104.46666666666667
108.73333333333333
105.16666666666667
107.76666666666667
99.96666666666667
105.06666666666666
99.26666666666667
104.43333333333334
106.3
108.7
100.93333333333334
108.83333333333333
101.66666666666667
103.53333333333333
103.1
100.2
99.06666666666666
108.0
108.43333333333334
107.53333333333333
102.66666666666667
106.8
102.03333333333333
106.36666666666666
105.16666666666667
107.36666666666666
104.06666666666666
107.06666666666666
103.8
107.56666666666666
106.3
107.96666666666667
104.53333333333333
107.46666666666667
104.13333333333334
107.1
106.7
105.36666666666666
103.2
108.03333333333333
105.4
107.96666666666667
109.43333333333334
103.8
106.66666666666667
104.76666666666667
105.43333333333334
106.66666666666667
105.33333333333333
105.26666666666667
102.33333333333333
100.13333333333334
107.06666666666666
108.0
104.33333333333333
109.1
105.36666666666666
103.96666666666667
100.1
104.8
104.16666666666667
108.6
106.83333333333333
104.53333333333333
103.23333333333333
109.63333333333334
106.53333333333333
106.46666666666667
105.33333333333333
108.36666666666666
105.36666666666666
107.33333333333333
106.73333333333333
106.1
108.43333333333334
105.26666666666667
103.63333333333334
101.8
105.13333333333334
102.4
97.53333333333333
99.9
104.5
105.26666666666667
109.66666666666667
103.36666666666666
107.13333333333334
107.06666666666666
104.83333333333333
110.16666666666667
109.3
108.7
99.9
103.73333333333333
105.16666666666667
104.06666666666666
105.96666666666667
105.3
100.66666666666667
108.33333333333333
104.96666666666667
105.06666666666666
104.63333333333334
104.36666666666666
112.23333333333333
107.0
100.03333333333333
102.46666666666667
104.4
109.16666666666667
103.83333333333333
108.83333333333333
102.13333333333334
104.6
104.16666666666667
105.96666666666667
104.86666666666666
105.93333333333334
108.63333333333334
107.46666666666667
105.23333333333333
101.83333333333333
109.86666666666666
99.3
104.3
107.76666666666667
106.36666666666666
109.16666666666667
104.63333333333334
105.53333333333333
104.76666666666667
107.36666666666666
106.5
105.83333333333333
97.76666666666667
105.06666666666666
109.16666666666667
109.46666666666667
108.8
106.96666666666667
107.96666666666667
107.2
105.73333333333333
100.03333333333333
107.63333333333334
109.53333333333333
98.8
105.1
108.23333333333333
107.0
108.3
108.8
109.36666666666666
106.36666666666666
100.53333333333333
102.96666666666667
107.1
107.13333333333334
106.7
103.53333333333333
107.4
109.26666666666667
105.1
109.83333333333333
104.03333333333333
110.1
105.06666666666666
103.16666666666667
107.23333333333333
107.93333333333334
108.66666666666667
105.66666666666667
106.0
104.06666666666666
102.73333333333333
105.96666666666667
105.96666666666667
107.4
107.43333333333334
103.43333333333334
102.6
100.16666666666667
103.3
100.76666666666667
105.66666666666667
108.63333333333334
97.16666666666667
104.7
98.96666666666667
108.83333333333333
108.13333333333334
108.7
103.03333333333333
102.6
102.46666666666667
104.73333333333333
106.36666666666666
107.03333333333333
107.83333333333333
107.43333333333334
108.53333333333333
104.56666666666666
109.23333333333333
105.2
106.03333333333333
103.23333333333333
105.76666666666667
109.96666666666667
106.7
105.43333333333334
108.13333333333334
104.46666666666667
108.03333333333333
107.86666666666666
105.46666666666667
107.8
104.3
109.33333333333333
101.26666666666667
107.23333333333333
106.8
104.36666666666666
108.8
105.4
106.43333333333334
108.46666666666667
100.8
108.03333333333333
104.6
107.53333333333333
107.46666666666667
106.63333333333334
97.86666666666666
107.83333333333333
108.8
101.3
109.06666666666666
104.56666666666666
103.63333333333334
108.0
105.3
107.36666666666666
104.53333333333333
107.96666666666667
109.13333333333334
102.96666666666667
107.46666666666667
108.16666666666667
105.16666666666667
110.03333333333333
109.36666666666666
103.8
95.86666666666666
108.56666666666666
103.63333333333334
102.83333333333333
101.9
107.86666666666666
108.7
107.36666666666666
106.56666666666666
110.2
103.76666666666667
102.33333333333333
108.06666666666666
108.0
107.23333333333333
103.8
107.76666666666667
105.66666666666667
108.5
107.0
107.03333333333333
106.66666666666667
108.23333333333333
103.53333333333333
102.76666666666667
104.0
108.36666666666666
104.63333333333334
104.7
104.23333333333333
106.6
104.96666666666667
109.83333333333333
110.1
106.36666666666666
108.66666666666667
104.76666666666667
105.2
103.46666666666667
105.63333333333334
108.4
106.26666666666667
109.8
100.76666666666667
106.56666666666666
102.66666666666667
109.16666666666667
106.13333333333334
107.7
107.23333333333333
108.1
102.23333333333333
104.36666666666666
105.16666666666667
103.83333333333333
107.6
109.96666666666667
106.8
98.96666666666667
106.86666666666666
105.33333333333333
110.06666666666666
101.76666666666667
108.03333333333333
102.2
100.76666666666667
110.4
105.76666666666667
100.56666666666666
105.66666666666667
104.96666666666667
107.76666666666667
108.66666666666667
104.46666666666667
103.53333333333333
102.26666666666667
109.23333333333333
107.6
106.63333333333334
107.46666666666667
100.53333333333333
108.8
103.7
107.2
106.33333333333333
105.1
106.46666666666667
105.3
107.13333333333334
104.33333333333333
99.43333333333334
107.0
106.2
107.26666666666667
105.06666666666666
104.53333333333333
105.63333333333334
104.66666666666667
104.33333333333333
104.26666666666667
108.86666666666666
108.23333333333333
97.0
107.53333333333333
102.03333333333333
108.6
110.86666666666666
101.26666666666667
105.66666666666667
107.5
110.0
105.9
107.9
101.36666666666666
100.86666666666666
106.66666666666667
107.96666666666667
97.16666666666667
106.1
107.66666666666667
107.6
99.1
104.96666666666667
106.43333333333334
103.5
107.73333333333333
106.6
104.0
109.8
103.33333333333333
108.13333333333334
102.63333333333334
101.76666666666667
103.73333333333333
105.7
107.4
105.03333333333333
105.16666666666667
104.76666666666667
107.16666666666667
106.43333333333334
107.9
107.56666666666666
104.53333333333333
108.8
109.7
108.9
108.2
104.53333333333333
105.43333333333334
106.23333333333333
107.1
107.16666666666667
107.5
105.7
109.13333333333334
106.1
107.96666666666667
108.83333333333333
107.93333333333334
106.86666666666666
105.8
105.23333333333333
106.1
107.6
107.23333333333333
108.76666666666667
107.03333333333333
103.36666666666666
109.33333333333333
103.23333333333333
108.4
108.36666666666666
103.96666666666667
105.5
107.8
108.56666666666666
102.66666666666667
104.8
110.5
106.7
109.23333333333333
107.83333333333333
105.6
109.6
103.83333333333333
106.13333333333334
106.0
105.16666666666667
106.93333333333334
108.43333333333334
101.0
103.96666666666667
107.76666666666667
106.4
106.96666666666667
104.1
109.53333333333333
107.73333333333333
101.66666666666667
103.96666666666667
108.13333333333334
104.43333333333334
107.36666666666666
107.43333333333334
100.23333333333333
108.6
107.76666666666667
107.26666666666667
104.73333333333333
104.83333333333333
105.03333333333333
105.53333333333333
106.73333333333333
107.93333333333334
106.63333333333334
97.53333333333333
105.73333333333333
102.76666666666667
109.8
104.66666666666667
102.33333333333333
106.1
108.53333333333333
106.23333333333333
106.16666666666667
100.93333333333334
106.53333333333333
105.6
106.6
105.6
104.73333333333333
103.6
108.2
109.73333333333333
104.33333333333333
102.33333333333333
106.23333333333333
105.33333333333333
108.4
100.8
105.26666666666667
109.53333333333333
107.13333333333334
98.2
106.03333333333333
104.46666666666667
107.8
106.36666666666666
100.43333333333334
108.96666666666667
104.83333333333333
103.76666666666667
104.76666666666667
104.0
106.03333333333333
107.5
103.63333333333334
108.06666666666666
103.4
107.73333333333333
103.63333333333334
106.6
106.23333333333333
103.43333333333334
101.96666666666667
107.96666666666667
107.83333333333333
108.83333333333333
104.66666666666667
102.7
105.0
102.23333333333333
105.86666666666666
101.13333333333334
102.56666666666666
105.53333333333333
108.03333333333333
103.46666666666667
105.53333333333333
102.13333333333334
104.86666666666666
104.93333333333334
103.96666666666667
103.56666666666666
105.53333333333333
105.3
110.13333333333334
109.16666666666667
107.3
108.43333333333334
107.26666666666667
110.26666666666667
105.33333333333333
102.16666666666667
103.4
108.96666666666667
104.33333333333333
108.66666666666667
108.13333333333334
109.13333333333334
107.16666666666667
107.73333333333333
104.9
106.9
107.36666666666666
103.36666666666666
106.7
106.16666666666667
105.83333333333333
109.43333333333334
107.73333333333333
108.53333333333333
108.4
104.63333333333334
108.73333333333333
102.6
106.6
102.46666666666667
103.36666666666666
105.26666666666667
106.46666666666667
106.1
105.13333333333334
107.23333333333333
106.7
